[debug] [2022-05-26T15:15:16.521Z] ----------------------------------------------------------------------
[debug] [2022-05-26T15:15:16.526Z] Command:       C:\Program Files\nodejs\node.exe C:\Users\Dulal\AppData\Roaming\npm\node_modules\firebase-tools\lib\bin\firebase.js deploy
[debug] [2022-05-26T15:15:16.527Z] CLI Version:   10.8.0
[debug] [2022-05-26T15:15:16.528Z] Platform:      win32
[debug] [2022-05-26T15:15:16.528Z] Node Version:  v16.13.2
[debug] [2022-05-26T15:15:16.540Z] Time:          Thu May 26 2022 21:15:16 GMT+0600 (Bangladesh Standard Time)
[debug] [2022-05-26T15:15:16.540Z] ----------------------------------------------------------------------
[debug] 
[debug] [2022-05-26T15:15:16.690Z] > command requires scopes: ["email","openid","https://www.googleapis.com/auth/cloudplatformprojects.readonly","https://www.googleapis.com/auth/firebase","https://www.googleapis.com/auth/cloud-platform"]
[debug] [2022-05-26T15:15:16.691Z] > authorizing via signed-in user (dulal.dpi.387364@gmail.com)
[debug] [2022-05-26T15:15:16.691Z] [iam] checking project bagdom-132e6 for permissions ["firebase.projects.get","firebasehosting.sites.update"]
[debug] [2022-05-26T15:15:16.699Z] >>> [apiv2][query] POST https://cloudresourcemanager.googleapis.com/v1/projects/bagdom-132e6:testIamPermissions [none]
[debug] [2022-05-26T15:15:16.700Z] >>> [apiv2][body] POST https://cloudresourcemanager.googleapis.com/v1/projects/bagdom-132e6:testIamPermissions {"permissions":["firebase.projects.get","firebasehosting.sites.update"]}
[debug] [2022-05-26T15:15:20.011Z] <<< [apiv2][status] POST https://cloudresourcemanager.googleapis.com/v1/projects/bagdom-132e6:testIamPermissions 200
[debug] [2022-05-26T15:15:20.012Z] <<< [apiv2][body] POST https://cloudresourcemanager.googleapis.com/v1/projects/bagdom-132e6:testIamPermissions {"permissions":["firebase.projects.get","firebasehosting.sites.update"]}
[debug] [2022-05-26T15:15:20.017Z] >>> [apiv2][query] GET https://firebase.googleapis.com/v1beta1/projects/bagdom-132e6 [none]
[debug] [2022-05-26T15:15:21.881Z] <<< [apiv2][status] GET https://firebase.googleapis.com/v1beta1/projects/bagdom-132e6 200
[debug] [2022-05-26T15:15:21.881Z] <<< [apiv2][body] GET https://firebase.googleapis.com/v1beta1/projects/bagdom-132e6 {"projectId":"bagdom-132e6","projectNumber":"159664343577","displayName":"bagdom","name":"projects/bagdom-132e6","resources":{"hostingSite":"bagdom-132e6"},"state":"ACTIVE"}
[info] 
[info] === Deploying to 'bagdom-132e6'...
[info] 
[info] i  deploying hosting 
[debug] [2022-05-26T15:15:21.898Z] >>> [apiv2][query] GET https://firebase.googleapis.com/v1beta1/projects/bagdom-132e6 [none]
[debug] [2022-05-26T15:15:23.317Z] <<< [apiv2][status] GET https://firebase.googleapis.com/v1beta1/projects/bagdom-132e6 200
[debug] [2022-05-26T15:15:23.317Z] <<< [apiv2][body] GET https://firebase.googleapis.com/v1beta1/projects/bagdom-132e6 {"projectId":"bagdom-132e6","projectNumber":"159664343577","displayName":"bagdom","name":"projects/bagdom-132e6","resources":{"hostingSite":"bagdom-132e6"},"state":"ACTIVE"}
[debug] [2022-05-26T15:15:23.329Z] >>> [apiv2][query] POST https://firebasehosting.googleapis.com/v1beta1/projects/159664343577/sites/bagdom-132e6/versions [none]
[debug] [2022-05-26T15:15:23.330Z] >>> [apiv2][body] POST https://firebasehosting.googleapis.com/v1beta1/projects/159664343577/sites/bagdom-132e6/versions {"config":{"rewrites":[{"glob":"**","path":"/index.html"}]},"labels":{"deployment-tool":"cli-firebase"}}
[debug] [2022-05-26T15:15:26.939Z] <<< [apiv2][status] POST https://firebasehosting.googleapis.com/v1beta1/projects/159664343577/sites/bagdom-132e6/versions 200
[debug] [2022-05-26T15:15:26.939Z] <<< [apiv2][body] POST https://firebasehosting.googleapis.com/v1beta1/projects/159664343577/sites/bagdom-132e6/versions {"name":"projects/159664343577/sites/bagdom-132e6/versions/381c8230c7289f0a","status":"CREATED","config":{"rewrites":[{"glob":"**","path":"/index.html"}]},"labels":{"deployment-tool":"cli-firebase"}}
[info] i  hosting[bagdom-132e6]: beginning deploy... 
[info] i  hosting[bagdom-132e6]: found 25 files in build 
[debug] [2022-05-26T15:15:27.002Z] [hosting] uploading with 200 concurrency
[debug] [2022-05-26T15:15:27.886Z] [hosting] hash cache [YnVpbGQ] stored for 25 files
[debug] [2022-05-26T15:15:27.886Z] [hosting][hash queue][FINAL] {"max":868,"min":7,"avg":93.2,"active":0,"complete":25,"success":25,"errored":0,"retried":0,"total":25,"elapsed":880}
[debug] [2022-05-26T15:15:27.887Z] >>> [apiv2][query] POST https://firebasehosting.googleapis.com/v1beta1/projects/159664343577/sites/bagdom-132e6/versions/381c8230c7289f0a:populateFiles [none]
[debug] [2022-05-26T15:15:27.887Z] >>> [apiv2][body] POST https://firebasehosting.googleapis.com/v1beta1/projects/159664343577/sites/bagdom-132e6/versions/381c8230c7289f0a:populateFiles {"files":{"/favicon.ico":"eae62e993eb980ec8a25058c39d5a51feab118bd2100c4deebb2a9c158ec11f9","/logo192.png":"3ee59515172ee198f3be375979df15ac5345183e656720a381b8872b2a39dc8b","/logo512.png":"ee7e2f3fdb8209c4b6fd7bef6ba50d1b9dba30a25bb5c3126df057e1cb6f5331","/manifest.json":"aff3449bdc238776f5d6d967f19ec491b36aed5fb7f23ccff6500736fd58494a","/Product.json":"e6eb50482b005a1f56fa916068a380baa7609c2d93505960fe89b0d516c69640","/robots.txt":"bfe106a3fb878dc83461c86818bf74fc1bdc7f28538ba613cd3e775516ce8b49","/asset-manifest.json":"a59e8725dd740850c180504d52735fd4e20f623c0981505181657de536ca0af3","/index.html":"bf6659579bcf6f01ea382fe424bfaa32ed05492dc9d5c3f76b55a494c23c0838","/static/js/787.28cb0dcd.chunk.js":"b72129aadef2b1cce5f847b935b4b58bca879c736479ede4c4e80bccf03f82a0","/static/js/787.28cb0dcd.chunk.js.map":"f369d3a00df3547b02c2a96fe5b4477c88ba87b846708411e5f2eca3704d5918","/static/js/main.847fc0eb.js.LICENSE.txt":"89506c6f3befcaa8cf5eb9fb85dea219833fc84a09993c68abc571f892fcd540","/static/media/index.cd351d7c31d0d3fccf96.cjs":"e93658ec997ed4c029ee70c288a9a53c257e6ac3e71cdf8a54924a8b99df1145","/static/css/main.942dff61.css.map":"3c05e890f2c0b26b21467469dcc885a5d2c3bffe94f5ee22f5bca4e2e96bc256","/static/css/main.942dff61.css":"f47a7f517e72d2f4f6f43a5555113ee79dfb20085cd3ffe16668db05c428d8d7","/static/media/myimage.198a38d40180eddde368.jpg":"f05fb394092b4a6efacf5ab3316c2e39d39431835aa1d238b55782dec3923c6d","/static/media/notfound.8c602802b8e1106af9f4.jpg":"b451872154f833a7dfb4427f66fe391e100fa4ef496ac954148b695affc258f2","/static/media/newsletter-bg.41dabd41ab0f580b5cd6.png":"364e2af68a68e2085c0913f0b251d8501de2267cc30d40864ff7ba53bf93894b","/static/media/page-header-bg.d5cc7c126d77877cdc89.png":"412bde9f7b81d9c8846d27e9a3661855badb3a8ae34e86fd589a27c3d4f9fe3d","/static/media/myprofile.bb32654f103425934582.png":"31a479b64d4564d6ecb7d735afb1e58e62af936a162f8b6b95c86b1c52d4e438","/static/media/car.d802a87e336e8cf9e6cf.png":"d4dca2b351727ae67364f03f2cbd6f6a7d1ed9c4eff438cdb83a97204780c3d9","/static/media/slider-1.18c6b9b1c77b5b693af5.png":"e4b8670d821937e37e73f779c5c7ae164d10edb3b75aadb00c96e667a3e3b3e2","/static/js/main.847fc0eb.js":"0096bfa2425e0438cd5d1e22edc9ac4300eb7a616fd4e1fa037019dfb29ba2d0","/static/media/warehoues.5ac75cad5f9329b6a72a.png":"26bed62864da355b5c1119363d6a51dd775fc69984a11c19befbb7f65e0605cc","/static/media/food.88be9f622847abaf364d.png":"e2391c13123858784f7edd258e8b95d2e90a60dc333318fc1fd381009164266e","/static/js/main.847fc0eb.js.map":"b0cea941555ed9a5f0078f516059e0ee563903e2efd29a1e77e8f16006d66674"}}
[debug] [2022-05-26T15:15:30.586Z] <<< [apiv2][status] POST https://firebasehosting.googleapis.com/v1beta1/projects/159664343577/sites/bagdom-132e6/versions/381c8230c7289f0a:populateFiles 200
[debug] [2022-05-26T15:15:30.586Z] <<< [apiv2][body] POST https://firebasehosting.googleapis.com/v1beta1/projects/159664343577/sites/bagdom-132e6/versions/381c8230c7289f0a:populateFiles {"uploadRequiredHashes":["26bed62864da355b5c1119363d6a51dd775fc69984a11c19befbb7f65e0605cc","e2391c13123858784f7edd258e8b95d2e90a60dc333318fc1fd381009164266e"],"uploadUrl":"https://upload-firebasehosting.googleapis.com/upload/sites/bagdom-132e6/versions/381c8230c7289f0a/files"}
[debug] [2022-05-26T15:15:30.590Z] >>> [apiv2][query] POST https://upload-firebasehosting.googleapis.com/upload/sites/bagdom-132e6/versions/381c8230c7289f0a/files/26bed62864da355b5c1119363d6a51dd775fc69984a11c19befbb7f65e0605cc [none]
[debug] [2022-05-26T15:15:30.591Z] >>> [apiv2][body] POST https://upload-firebasehosting.googleapis.com/upload/sites/bagdom-132e6/versions/381c8230c7289f0a/files/26bed62864da355b5c1119363d6a51dd775fc69984a11c19befbb7f65e0605cc [stream]
[debug] [2022-05-26T15:15:30.596Z] >>> [apiv2][query] POST https://upload-firebasehosting.googleapis.com/upload/sites/bagdom-132e6/versions/381c8230c7289f0a/files/e2391c13123858784f7edd258e8b95d2e90a60dc333318fc1fd381009164266e [none]
[debug] [2022-05-26T15:15:30.597Z] >>> [apiv2][body] POST https://upload-firebasehosting.googleapis.com/upload/sites/bagdom-132e6/versions/381c8230c7289f0a/files/e2391c13123858784f7edd258e8b95d2e90a60dc333318fc1fd381009164266e [stream]
[debug] [2022-05-26T15:15:30.600Z] [hosting][populate queue][FINAL] {"max":2706,"min":2706,"avg":2706,"active":0,"complete":1,"success":1,"errored":0,"retried":0,"total":1,"elapsed":2716}
[debug] [2022-05-26T15:15:30.601Z] [hosting] uploads queued: 2
[debug] [2022-05-26T15:16:47.173Z] [uploadQueue] Retrying task 26bed62864da355b5c1119363d6a51dd775fc69984a11c19befbb7f65e0605cc
[debug] [2022-05-26T15:16:47.177Z] >>> [apiv2][query] POST https://upload-firebasehosting.googleapis.com/upload/sites/bagdom-132e6/versions/381c8230c7289f0a/files/26bed62864da355b5c1119363d6a51dd775fc69984a11c19befbb7f65e0605cc [none]
[debug] [2022-05-26T15:16:47.178Z] >>> [apiv2][body] POST https://upload-firebasehosting.googleapis.com/upload/sites/bagdom-132e6/versions/381c8230c7289f0a/files/26bed62864da355b5c1119363d6a51dd775fc69984a11c19befbb7f65e0605cc [stream]
[debug] [2022-05-26T15:16:53.256Z] <<< [apiv2][status] POST https://upload-firebasehosting.googleapis.com/upload/sites/bagdom-132e6/versions/381c8230c7289f0a/files/e2391c13123858784f7edd258e8b95d2e90a60dc333318fc1fd381009164266e 200
[debug] [2022-05-26T15:16:53.257Z] <<< [apiv2][body] POST https://upload-firebasehosting.googleapis.com/upload/sites/bagdom-132e6/versions/381c8230c7289f0a/files/e2391c13123858784f7edd258e8b95d2e90a60dc333318fc1fd381009164266e [stream]
[debug] [2022-05-26T15:18:04.159Z] [uploadQueue] Retrying task 26bed62864da355b5c1119363d6a51dd775fc69984a11c19befbb7f65e0605cc
[debug] [2022-05-26T15:18:04.162Z] >>> [apiv2][query] POST https://upload-firebasehosting.googleapis.com/upload/sites/bagdom-132e6/versions/381c8230c7289f0a/files/26bed62864da355b5c1119363d6a51dd775fc69984a11c19befbb7f65e0605cc [none]
[debug] [2022-05-26T15:18:04.162Z] >>> [apiv2][body] POST https://upload-firebasehosting.googleapis.com/upload/sites/bagdom-132e6/versions/381c8230c7289f0a/files/26bed62864da355b5c1119363d6a51dd775fc69984a11c19befbb7f65e0605cc [stream]
[debug] [2022-05-26T15:19:21.935Z] [uploadQueue] Retrying task 26bed62864da355b5c1119363d6a51dd775fc69984a11c19befbb7f65e0605cc
[debug] [2022-05-26T15:19:21.939Z] >>> [apiv2][query] POST https://upload-firebasehosting.googleapis.com/upload/sites/bagdom-132e6/versions/381c8230c7289f0a/files/26bed62864da355b5c1119363d6a51dd775fc69984a11c19befbb7f65e0605cc [none]
[debug] [2022-05-26T15:19:21.939Z] >>> [apiv2][body] POST https://upload-firebasehosting.googleapis.com/upload/sites/bagdom-132e6/versions/381c8230c7289f0a/files/26bed62864da355b5c1119363d6a51dd775fc69984a11c19befbb7f65e0605cc [stream]
[debug] [2022-05-26T15:20:41.318Z] [uploadQueue] Retrying task 26bed62864da355b5c1119363d6a51dd775fc69984a11c19befbb7f65e0605cc
[debug] [2022-05-26T15:20:41.321Z] >>> [apiv2][query] POST https://upload-firebasehosting.googleapis.com/upload/sites/bagdom-132e6/versions/381c8230c7289f0a/files/26bed62864da355b5c1119363d6a51dd775fc69984a11c19befbb7f65e0605cc [none]
[debug] [2022-05-26T15:20:41.321Z] >>> [apiv2][body] POST https://upload-firebasehosting.googleapis.com/upload/sites/bagdom-132e6/versions/381c8230c7289f0a/files/26bed62864da355b5c1119363d6a51dd775fc69984a11c19befbb7f65e0605cc [stream]
[debug] [2022-05-26T15:22:03.894Z] [uploadQueue] Retrying task 26bed62864da355b5c1119363d6a51dd775fc69984a11c19befbb7f65e0605cc
[debug] [2022-05-26T15:22:03.897Z] >>> [apiv2][query] POST https://upload-firebasehosting.googleapis.com/upload/sites/bagdom-132e6/versions/381c8230c7289f0a/files/26bed62864da355b5c1119363d6a51dd775fc69984a11c19befbb7f65e0605cc [none]
[debug] [2022-05-26T15:22:03.897Z] >>> [apiv2][body] POST https://upload-firebasehosting.googleapis.com/upload/sites/bagdom-132e6/versions/381c8230c7289f0a/files/26bed62864da355b5c1119363d6a51dd775fc69984a11c19befbb7f65e0605cc [stream]
